

================================================================
== Vitis HLS Report for 'adders'
================================================================
* Date:           Fri Oct 14 21:27:17 2022

* Version:        2022.1 (Build 3526262 on Mon Apr 18 15:48:16 MDT 2022)
* Project:        adders_prj
* Solution:       solution1 (Vivado IP Flow Target)
* Product family: virtexuplus
* Target device:  xcvu9p-flgb2104-1-e


================================================================
== Performance Estimates
================================================================
+ Timing: 
    * Summary: 
    +--------+---------+----------+------------+
    |  Clock |  Target | Estimated| Uncertainty|
    +--------+---------+----------+------------+
    |ap_clk  |  3.25 ns|  2.049 ns|     0.88 ns|
    +--------+---------+----------+------------+

+ Latency: 
    * Summary: 
    +---------+---------+----------+----------+-----+-----+---------+
    |  Latency (cycles) |  Latency (absolute) |  Interval | Pipeline|
    |   min   |   max   |    min   |    max   | min | max |   Type  |
    +---------+---------+----------+----------+-----+-----+---------+
    |        1|        1|  3.250 ns|  3.250 ns|    2|    2|       no|
    +---------+---------+----------+----------+-----+-----+---------+

    + Detail: 
        * Instance: 
        N/A

        * Loop: 
        N/A



================================================================
== Utilization Estimates
================================================================
* Summary: 
+---------------------+---------+------+---------+---------+-----+
|         Name        | BRAM_18K|  DSP |    FF   |   LUT   | URAM|
+---------------------+---------+------+---------+---------+-----+
|DSP                  |        -|     -|        -|        -|    -|
|Expression           |        -|     -|        0|      206|    -|
|FIFO                 |        -|     -|        -|        -|    -|
|Instance             |        -|     -|        -|        -|    -|
|Memory               |        -|     -|        -|        -|    -|
|Multiplexer          |        -|     -|        -|       14|    -|
|Register             |        -|     -|       34|        -|    -|
+---------------------+---------+------+---------+---------+-----+
|Total                |        0|     0|       34|      220|    0|
+---------------------+---------+------+---------+---------+-----+
|Available SLR        |     1440|  2280|   788160|   394080|  320|
+---------------------+---------+------+---------+---------+-----+
|Utilization SLR (%)  |        0|     0|       ~0|       ~0|    0|
+---------------------+---------+------+---------+---------+-----+
|Available            |     4320|  6840|  2364480|  1182240|  960|
+---------------------+---------+------+---------+---------+-----+
|Utilization (%)      |        0|     0|       ~0|       ~0|    0|
+---------------------+---------+------+---------+---------+-----+

+ Detail: 
    * Instance: 
    N/A

    * DSP: 
    N/A

    * Memory: 
    N/A

    * FIFO: 
    N/A

    * Expression: 
    +---------------------+----------+----+---+----+------------+------------+
    |    Variable Name    | Operation| DSP| FF| LUT| Bitwidth P0| Bitwidth P1|
    +---------------------+----------+----+---+----+------------+------------+
    |add_ln63_1_fu_86_p2  |         +|   0|  0|  32|          32|          32|
    |add_ln63_2_fu_92_p2  |         +|   0|  0|  32|          32|          32|
    |add_ln63_3_fu_74_p2  |         +|   0|  0|  39|          32|          32|
    |add_ln63_4_fu_98_p2  |         +|   0|  0|  32|          32|          32|
    |add_ln63_fu_80_p2    |         +|   0|  0|  39|          32|          32|
    |ap_return            |         +|   0|  0|  32|          32|          32|
    +---------------------+----------+----+---+----+------------+------------+
    |Total                |          |   0|  0| 206|         192|         192|
    +---------------------+----------+----+---+----+------------+------------+

    * Multiplexer: 
    +-----------+----+-----------+-----+-----------+
    |    Name   | LUT| Input Size| Bits| Total Bits|
    +-----------+----+-----------+-----+-----------+
    |ap_NS_fsm  |  14|          3|    1|          3|
    +-----------+----+-----------+-----+-----------+
    |Total      |  14|          3|    1|          3|
    +-----------+----+-----------+-----+-----------+

    * Register: 
    +--------------------+----+----+-----+-----------+
    |        Name        | FF | LUT| Bits| Const Bits|
    +--------------------+----+----+-----+-----------+
    |add_ln63_3_reg_109  |  32|   0|   32|          0|
    |ap_CS_fsm           |   2|   0|    2|          0|
    +--------------------+----+----+-----+-----------+
    |Total               |  34|   0|   34|          0|
    +--------------------+----+----+-----+-----------+



================================================================
== Interface
================================================================
* Summary: 
+-----------+-----+-----+------------+--------------+--------------+
| RTL Ports | Dir | Bits|  Protocol  | Source Object|    C Type    |
+-----------+-----+-----+------------+--------------+--------------+
|ap_clk     |   in|    1|  ap_ctrl_hs|        adders|  return value|
|ap_rst     |   in|    1|  ap_ctrl_hs|        adders|  return value|
|ap_start   |   in|    1|  ap_ctrl_hs|        adders|  return value|
|ap_done    |  out|    1|  ap_ctrl_hs|        adders|  return value|
|ap_idle    |  out|    1|  ap_ctrl_hs|        adders|  return value|
|ap_ready   |  out|    1|  ap_ctrl_hs|        adders|  return value|
|ap_return  |  out|   32|  ap_ctrl_hs|        adders|  return value|
|in1        |   in|   32|     ap_none|           in1|        scalar|
|in2        |   in|   32|     ap_none|           in2|        scalar|
|in3        |   in|   32|     ap_none|           in3|        scalar|
|in4        |   in|   32|     ap_none|           in4|        scalar|
|in5        |   in|   32|     ap_none|           in5|        scalar|
|in6        |   in|   32|     ap_none|           in6|        scalar|
|in7        |   in|   32|     ap_none|           in7|        scalar|
+-----------+-----+-----+------------+--------------+--------------+

